<?xml version="1.0" encoding="UTF-8"?>
<testsuite xmlns:xsi="http://www.w3.org/2001/XMLSchema-instance" xsi:noNamespaceSchemaLocation="https://maven.apache.org/surefire/maven-surefire-plugin/xsd/surefire-test-report-3.0.xsd" version="3.0" name="Controller.ControllerCustomerTest" time="28.878" tests="6" errors="0" skipped="0" failures="0">
  <properties>
[...]
</properties>
  <testcase name="testFormatNotValidate" classname="Controller.ControllerCustomerTest" time="1.068">
    <system-out><![CDATA[Not_Validate_Format
]]></system-out>
    <system-err><![CDATA[Loading class `com.mysql.jdbc.Driver'. This is deprecated. The new driver class is `com.mysql.cj.jdbc.Driver'. The driver is automatically registered via the SPI and manual loading of the driver class is generally unnecessary.
]]></system-err>
  </testcase>
  <testcase name="testValidateEmptyNotEmpty" classname="Controller.ControllerCustomerTest" time="21.203">
    <system-out><![CDATA[Not_Validate_Empty_Field
]]></system-out>
  </testcase>
  <testcase name="testValidateEmptyField" classname="Controller.ControllerCustomerTest" time="0.556">
    <system-out><![CDATA[Validate_Empty_Field
]]></system-out>
  </testcase>
  <testcase name="testErrorShowCustomer" classname="Controller.ControllerCustomerTest" time="0.387">
    <system-out><![CDATA[Error show customer
]]></system-out>
  </testcase>
  <testcase name="testShowCustomer" classname="Controller.ControllerCustomerTest" time="0.629">
    <system-out><![CDATA[showCustomer
]]></system-out>
  </testcase>
  <testcase name="testFormatValidate" classname="Controller.ControllerCustomerTest" time="2.279">
    <system-out><![CDATA[Validate_Format
]]></system-out>
  </testcase>
</testsuite>